Performing C++ SOURCE FILE Test COMPILER_SUPPORT_Wshorten64to32 failed with the following output:
Change Dir: /home/parallels/Coding/CodingProjects/catkin_ws/src/eigen-eigen-5a0156e40feb/build/CMakeFiles/CMakeTmp

Run Build Command:"/usr/bin/make" "cmTC_fab16/fast"
/usr/bin/make -f CMakeFiles/cmTC_fab16.dir/build.make CMakeFiles/cmTC_fab16.dir/build
make[1]: Entering directory '/home/parallels/Coding/CodingProjects/catkin_ws/src/eigen-eigen-5a0156e40feb/build/CMakeFiles/CMakeTmp'
Building CXX object CMakeFiles/cmTC_fab16.dir/src.cxx.o
/usr/bin/c++    -pedantic -Wall -Wextra -Wundef -Wcast-align -Wchar-subscripts -Wnon-virtual-dtor -Wunused-local-typedefs -Wpointer-arith -Wwrite-strings -Wformat-security -DCOMPILER_SUPPORT_Wshorten64to32 -Werror   -Wshorten-64-to-32 -o CMakeFiles/cmTC_fab16.dir/src.cxx.o -c /home/parallels/Coding/CodingProjects/catkin_ws/src/eigen-eigen-5a0156e40feb/build/CMakeFiles/CMakeTmp/src.cxx
c++: error: unrecognized command line option '-Wshorten-64-to-32'
CMakeFiles/cmTC_fab16.dir/build.make:65: recipe for target 'CMakeFiles/cmTC_fab16.dir/src.cxx.o' failed
make[1]: *** [CMakeFiles/cmTC_fab16.dir/src.cxx.o] Error 1
make[1]: Leaving directory '/home/parallels/Coding/CodingProjects/catkin_ws/src/eigen-eigen-5a0156e40feb/build/CMakeFiles/CMakeTmp'
Makefile:126: recipe for target 'cmTC_fab16/fast' failed
make: *** [cmTC_fab16/fast] Error 2

Source file was:
int main() { return 0; }
Performing C++ SOURCE FILE Test COMPILER_SUPPORT_Wenumconversion failed with the following output:
Change Dir: /home/parallels/Coding/CodingProjects/catkin_ws/src/eigen-eigen-5a0156e40feb/build/CMakeFiles/CMakeTmp

Run Build Command:"/usr/bin/make" "cmTC_bb96f/fast"
/usr/bin/make -f CMakeFiles/cmTC_bb96f.dir/build.make CMakeFiles/cmTC_bb96f.dir/build
make[1]: Entering directory '/home/parallels/Coding/CodingProjects/catkin_ws/src/eigen-eigen-5a0156e40feb/build/CMakeFiles/CMakeTmp'
Building CXX object CMakeFiles/cmTC_bb96f.dir/src.cxx.o
/usr/bin/c++    -pedantic -Wall -Wextra -Wundef -Wcast-align -Wchar-subscripts -Wnon-virtual-dtor -Wunused-local-typedefs -Wpointer-arith -Wwrite-strings -Wformat-security -Wlogical-op -DCOMPILER_SUPPORT_Wenumconversion -Werror   -Wenum-conversion -o CMakeFiles/cmTC_bb96f.dir/src.cxx.o -c /home/parallels/Coding/CodingProjects/catkin_ws/src/eigen-eigen-5a0156e40feb/build/CMakeFiles/CMakeTmp/src.cxx
c++: error: unrecognized command line option '-Wenum-conversion'; did you mean '-Wno-conversion'?
CMakeFiles/cmTC_bb96f.dir/build.make:65: recipe for target 'CMakeFiles/cmTC_bb96f.dir/src.cxx.o' failed
make[1]: *** [CMakeFiles/cmTC_bb96f.dir/src.cxx.o] Error 1
make[1]: Leaving directory '/home/parallels/Coding/CodingProjects/catkin_ws/src/eigen-eigen-5a0156e40feb/build/CMakeFiles/CMakeTmp'
Makefile:126: recipe for target 'cmTC_bb96f/fast' failed
make: *** [cmTC_bb96f/fast] Error 2

Source file was:
int main() { return 0; }
Performing C++ SOURCE FILE Test COMPILER_SUPPORT_Wcpp11extensions failed with the following output:
Change Dir: /home/parallels/Coding/CodingProjects/catkin_ws/src/eigen-eigen-5a0156e40feb/build/CMakeFiles/CMakeTmp

Run Build Command:"/usr/bin/make" "cmTC_27abd/fast"
/usr/bin/make -f CMakeFiles/cmTC_27abd.dir/build.make CMakeFiles/cmTC_27abd.dir/build
make[1]: Entering directory '/home/parallels/Coding/CodingProjects/catkin_ws/src/eigen-eigen-5a0156e40feb/build/CMakeFiles/CMakeTmp'
Building CXX object CMakeFiles/cmTC_27abd.dir/src.cxx.o
/usr/bin/c++    -pedantic -Wall -Wextra -Wundef -Wcast-align -Wchar-subscripts -Wnon-virtual-dtor -Wunused-local-typedefs -Wpointer-arith -Wwrite-strings -Wformat-security -Wlogical-op -DCOMPILER_SUPPORT_Wcpp11extensions -Werror   -Wc++11-extensions -o CMakeFiles/cmTC_27abd.dir/src.cxx.o -c /home/parallels/Coding/CodingProjects/catkin_ws/src/eigen-eigen-5a0156e40feb/build/CMakeFiles/CMakeTmp/src.cxx
c++: error: unrecognized command line option '-Wc++11-extensions'; did you mean '-fms-extensions'?
CMakeFiles/cmTC_27abd.dir/build.make:65: recipe for target 'CMakeFiles/cmTC_27abd.dir/src.cxx.o' failed
make[1]: *** [CMakeFiles/cmTC_27abd.dir/src.cxx.o] Error 1
make[1]: Leaving directory '/home/parallels/Coding/CodingProjects/catkin_ws/src/eigen-eigen-5a0156e40feb/build/CMakeFiles/CMakeTmp'
Makefile:126: recipe for target 'cmTC_27abd/fast' failed
make: *** [cmTC_27abd/fast] Error 2

Source file was:
int main() { return 0; }
Performing C++ SOURCE FILE Test COMPILER_SUPPORT_wd981 failed with the following output:
Change Dir: /home/parallels/Coding/CodingProjects/catkin_ws/src/eigen-eigen-5a0156e40feb/build/CMakeFiles/CMakeTmp

Run Build Command:"/usr/bin/make" "cmTC_73ef9/fast"
/usr/bin/make -f CMakeFiles/cmTC_73ef9.dir/build.make CMakeFiles/cmTC_73ef9.dir/build
make[1]: Entering directory '/home/parallels/Coding/CodingProjects/catkin_ws/src/eigen-eigen-5a0156e40feb/build/CMakeFiles/CMakeTmp'
Building CXX object CMakeFiles/cmTC_73ef9.dir/src.cxx.o
/usr/bin/c++    -pedantic -Wall -Wextra -Wundef -Wcast-align -Wchar-subscripts -Wnon-virtual-dtor -Wunused-local-typedefs -Wpointer-arith -Wwrite-strings -Wformat-security -Wlogical-op -Wdouble-promotion -Wno-psabi -Wno-variadic-macros -Wno-long-long -fno-check-new -fno-common -fstrict-aliasing -DCOMPILER_SUPPORT_wd981 -Werror   -wd981 -o CMakeFiles/cmTC_73ef9.dir/src.cxx.o -c /home/parallels/Coding/CodingProjects/catkin_ws/src/eigen-eigen-5a0156e40feb/build/CMakeFiles/CMakeTmp/src.cxx
c++: error: unrecognized command line option '-wd981'
CMakeFiles/cmTC_73ef9.dir/build.make:65: recipe for target 'CMakeFiles/cmTC_73ef9.dir/src.cxx.o' failed
make[1]: *** [CMakeFiles/cmTC_73ef9.dir/src.cxx.o] Error 1
make[1]: Leaving directory '/home/parallels/Coding/CodingProjects/catkin_ws/src/eigen-eigen-5a0156e40feb/build/CMakeFiles/CMakeTmp'
Makefile:126: recipe for target 'cmTC_73ef9/fast' failed
make: *** [cmTC_73ef9/fast] Error 2

Source file was:
int main() { return 0; }
Performing C++ SOURCE FILE Test COMPILER_SUPPORT_wd2304 failed with the following output:
Change Dir: /home/parallels/Coding/CodingProjects/catkin_ws/src/eigen-eigen-5a0156e40feb/build/CMakeFiles/CMakeTmp

Run Build Command:"/usr/bin/make" "cmTC_1967d/fast"
/usr/bin/make -f CMakeFiles/cmTC_1967d.dir/build.make CMakeFiles/cmTC_1967d.dir/build
make[1]: Entering directory '/home/parallels/Coding/CodingProjects/catkin_ws/src/eigen-eigen-5a0156e40feb/build/CMakeFiles/CMakeTmp'
Building CXX object CMakeFiles/cmTC_1967d.dir/src.cxx.o
/usr/bin/c++    -pedantic -Wall -Wextra -Wundef -Wcast-align -Wchar-subscripts -Wnon-virtual-dtor -Wunused-local-typedefs -Wpointer-arith -Wwrite-strings -Wformat-security -Wlogical-op -Wdouble-promotion -Wno-psabi -Wno-variadic-macros -Wno-long-long -fno-check-new -fno-common -fstrict-aliasing -DCOMPILER_SUPPORT_wd2304 -Werror   -wd2304 -o CMakeFiles/cmTC_1967d.dir/src.cxx.o -c /home/parallels/Coding/CodingProjects/catkin_ws/src/eigen-eigen-5a0156e40feb/build/CMakeFiles/CMakeTmp/src.cxx
c++: error: unrecognized command line option '-wd2304'
CMakeFiles/cmTC_1967d.dir/build.make:65: recipe for target 'CMakeFiles/cmTC_1967d.dir/src.cxx.o' failed
make[1]: *** [CMakeFiles/cmTC_1967d.dir/src.cxx.o] Error 1
make[1]: Leaving directory '/home/parallels/Coding/CodingProjects/catkin_ws/src/eigen-eigen-5a0156e40feb/build/CMakeFiles/CMakeTmp'
Makefile:126: recipe for target 'cmTC_1967d/fast' failed
make: *** [cmTC_1967d/fast] Error 2

Source file was:
int main() { return 0; }
Performing C++ SOURCE FILE Test COMPILER_SUPPORT_STRICTANSI failed with the following output:
Change Dir: /home/parallels/Coding/CodingProjects/catkin_ws/src/eigen-eigen-5a0156e40feb/build/CMakeFiles/CMakeTmp

Run Build Command:"/usr/bin/make" "cmTC_fcf22/fast"
/usr/bin/make -f CMakeFiles/cmTC_fcf22.dir/build.make CMakeFiles/cmTC_fcf22.dir/build
make[1]: Entering directory '/home/parallels/Coding/CodingProjects/catkin_ws/src/eigen-eigen-5a0156e40feb/build/CMakeFiles/CMakeTmp'
Building CXX object CMakeFiles/cmTC_fcf22.dir/src.cxx.o
/usr/bin/c++    -pedantic -Wall -Wextra -Wundef -Wcast-align -Wchar-subscripts -Wnon-virtual-dtor -Wunused-local-typedefs -Wpointer-arith -Wwrite-strings -Wformat-security -Wlogical-op -Wdouble-promotion -Wno-psabi -Wno-variadic-macros -Wno-long-long -fno-check-new -fno-common -fstrict-aliasing -DCOMPILER_SUPPORT_STRICTANSI -Werror   -strict-ansi -o CMakeFiles/cmTC_fcf22.dir/src.cxx.o -c /home/parallels/Coding/CodingProjects/catkin_ws/src/eigen-eigen-5a0156e40feb/build/CMakeFiles/CMakeTmp/src.cxx
c++: error: unrecognized command line option '-strict-ansi'; did you mean '-fstrict-enums'?
CMakeFiles/cmTC_fcf22.dir/build.make:65: recipe for target 'CMakeFiles/cmTC_fcf22.dir/src.cxx.o' failed
make[1]: *** [CMakeFiles/cmTC_fcf22.dir/src.cxx.o] Error 1
make[1]: Leaving directory '/home/parallels/Coding/CodingProjects/catkin_ws/src/eigen-eigen-5a0156e40feb/build/CMakeFiles/CMakeTmp'
Makefile:126: recipe for target 'cmTC_fcf22/fast' failed
make: *** [cmTC_fcf22/fast] Error 2

Source file was:
int main() { return 0; }
Performing C++ SOURCE FILE Test COMPILER_SUPPORT_Qunusedarguments failed with the following output:
Change Dir: /home/parallels/Coding/CodingProjects/catkin_ws/src/eigen-eigen-5a0156e40feb/build/CMakeFiles/CMakeTmp

Run Build Command:"/usr/bin/make" "cmTC_81f2a/fast"
/usr/bin/make -f CMakeFiles/cmTC_81f2a.dir/build.make CMakeFiles/cmTC_81f2a.dir/build
make[1]: Entering directory '/home/parallels/Coding/CodingProjects/catkin_ws/src/eigen-eigen-5a0156e40feb/build/CMakeFiles/CMakeTmp'
Building CXX object CMakeFiles/cmTC_81f2a.dir/src.cxx.o
/usr/bin/c++    -pedantic -Wall -Wextra -Wundef -Wcast-align -Wchar-subscripts -Wnon-virtual-dtor -Wunused-local-typedefs -Wpointer-arith -Wwrite-strings -Wformat-security -Wlogical-op -Wdouble-promotion -Wno-psabi -Wno-variadic-macros -Wno-long-long -fno-check-new -fno-common -fstrict-aliasing -DCOMPILER_SUPPORT_Qunusedarguments -Werror   -Qunused-arguments -o CMakeFiles/cmTC_81f2a.dir/src.cxx.o -c /home/parallels/Coding/CodingProjects/catkin_ws/src/eigen-eigen-5a0156e40feb/build/CMakeFiles/CMakeTmp/src.cxx
c++: error: unrecognized command line option '-Qunused-arguments'; did you mean '-Wunused-parameter'?
CMakeFiles/cmTC_81f2a.dir/build.make:65: recipe for target 'CMakeFiles/cmTC_81f2a.dir/src.cxx.o' failed
make[1]: *** [CMakeFiles/cmTC_81f2a.dir/src.cxx.o] Error 1
make[1]: Leaving directory '/home/parallels/Coding/CodingProjects/catkin_ws/src/eigen-eigen-5a0156e40feb/build/CMakeFiles/CMakeTmp'
Makefile:126: recipe for target 'cmTC_81f2a/fast' failed
make: *** [cmTC_81f2a/fast] Error 2

Source file was:
int main() { return 0; }
Determining if the pthread_create exist failed with the following output:
Change Dir: /home/parallels/Coding/CodingProjects/catkin_ws/src/eigen-eigen-5a0156e40feb/build/CMakeFiles/CMakeTmp

Run Build Command:"/usr/bin/make" "cmTC_0149d/fast"
/usr/bin/make -f CMakeFiles/cmTC_0149d.dir/build.make CMakeFiles/cmTC_0149d.dir/build
make[1]: Entering directory '/home/parallels/Coding/CodingProjects/catkin_ws/src/eigen-eigen-5a0156e40feb/build/CMakeFiles/CMakeTmp'
Building C object CMakeFiles/cmTC_0149d.dir/CheckSymbolExists.c.o
/usr/bin/cc    -o CMakeFiles/cmTC_0149d.dir/CheckSymbolExists.c.o   -c /home/parallels/Coding/CodingProjects/catkin_ws/src/eigen-eigen-5a0156e40feb/build/CMakeFiles/CMakeTmp/CheckSymbolExists.c
Linking C executable cmTC_0149d
/usr/bin/cmake -E cmake_link_script CMakeFiles/cmTC_0149d.dir/link.txt --verbose=1
/usr/bin/cc      -rdynamic CMakeFiles/cmTC_0149d.dir/CheckSymbolExists.c.o  -o cmTC_0149d 
CMakeFiles/cmTC_0149d.dir/CheckSymbolExists.c.o: In function `main':
CheckSymbolExists.c:(.text+0x1b): undefined reference to `pthread_create'
collect2: error: ld returned 1 exit status
CMakeFiles/cmTC_0149d.dir/build.make:97: recipe for target 'cmTC_0149d' failed
make[1]: *** [cmTC_0149d] Error 1
make[1]: Leaving directory '/home/parallels/Coding/CodingProjects/catkin_ws/src/eigen-eigen-5a0156e40feb/build/CMakeFiles/CMakeTmp'
Makefile:126: recipe for target 'cmTC_0149d/fast' failed
make: *** [cmTC_0149d/fast] Error 2

File /home/parallels/Coding/CodingProjects/catkin_ws/src/eigen-eigen-5a0156e40feb/build/CMakeFiles/CMakeTmp/CheckSymbolExists.c:
/* */
#include <pthread.h>

int main(int argc, char** argv)
{
  (void)argv;
#ifndef pthread_create
  return ((int*)(&pthread_create))[argc];
#else
  (void)argc;
  return 0;
#endif
}

Determining if the function pthread_create exists in the pthreads failed with the following output:
Change Dir: /home/parallels/Coding/CodingProjects/catkin_ws/src/eigen-eigen-5a0156e40feb/build/CMakeFiles/CMakeTmp

Run Build Command:"/usr/bin/make" "cmTC_9cc44/fast"
/usr/bin/make -f CMakeFiles/cmTC_9cc44.dir/build.make CMakeFiles/cmTC_9cc44.dir/build
make[1]: Entering directory '/home/parallels/Coding/CodingProjects/catkin_ws/src/eigen-eigen-5a0156e40feb/build/CMakeFiles/CMakeTmp'
Building C object CMakeFiles/cmTC_9cc44.dir/CheckFunctionExists.c.o
/usr/bin/cc   -DCHECK_FUNCTION_EXISTS=pthread_create   -o CMakeFiles/cmTC_9cc44.dir/CheckFunctionExists.c.o   -c /usr/share/cmake-3.10/Modules/CheckFunctionExists.c
Linking C executable cmTC_9cc44
/usr/bin/cmake -E cmake_link_script CMakeFiles/cmTC_9cc44.dir/link.txt --verbose=1
/usr/bin/cc  -DCHECK_FUNCTION_EXISTS=pthread_create    -rdynamic CMakeFiles/cmTC_9cc44.dir/CheckFunctionExists.c.o  -o cmTC_9cc44 -lpthreads 
/usr/bin/ld: cannot find -lpthreads
collect2: error: ld returned 1 exit status
CMakeFiles/cmTC_9cc44.dir/build.make:97: recipe for target 'cmTC_9cc44' failed
make[1]: *** [cmTC_9cc44] Error 1
make[1]: Leaving directory '/home/parallels/Coding/CodingProjects/catkin_ws/src/eigen-eigen-5a0156e40feb/build/CMakeFiles/CMakeTmp'
Makefile:126: recipe for target 'cmTC_9cc44/fast' failed
make: *** [cmTC_9cc44/fast] Error 2


